2025-04-13 15:42:32.374760 - Received CBT.V508.FILE048.PDS from FILE048.XMI 
2025-04-13 15:42:32.376337 - Found $$$#DATE.txt (text/plain) in CBT.V508.FILE048.PDS, moved to PDS/$$$#DATE
2025-04-13 15:42:32.376412 - Found @FILE048.txt (text/plain) in CBT.V508.FILE048.PDS, moved to PDS/@FILE048
2025-04-13 15:42:32.376585 - Found APUT.txt (text/plain) in CBT.V508.FILE048.PDS, moved to PDS/APUT
2025-04-13 15:42:32.376905 - Found EPUTL.txt (text/plain) in CBT.V508.FILE048.PDS, moved to PDS/EPUTL
2025-04-13 15:42:32.377428 - Found LISTSPC.txt (text/plain) in CBT.V508.FILE048.PDS, moved to PDS/LISTSPC
2025-04-13 15:42:32.377628 - Found LISTSPC$.jcl (text/plain) in CBT.V508.FILE048.PDS, moved to PDS/LISTSPC$
2025-04-13 15:42:32.377953 - Found LISTSPC#.txt (text/plain) in CBT.V508.FILE048.PDS, moved to PDS/LISTSPC#
2025-04-13 15:42:32.378468 - Found LISTVOL.txt (text/plain) in CBT.V508.FILE048.PDS, moved to PDS/LISTVOL
2025-04-13 15:42:32.378632 - Found LISTVOL$.jcl (text/plain) in CBT.V508.FILE048.PDS, moved to PDS/LISTVOL$
2025-04-13 15:42:32.378943 - Found LISTVOL#.txt (text/plain) in CBT.V508.FILE048.PDS, moved to PDS/LISTVOL#
2025-04-13 15:42:32.379314 - Found LOADLIB.xmi (application/xmit) in CBT.V508.FILE048.PDS, moved to PDS/LOADLIB.xmi
2025-04-13 15:42:32.387866 - Received SYS1.W$$.LINKLIB from LOADLIB.xmi 
2025-04-13 15:42:32.388343 - Found alias LISTS to LISTSPC in SYS1.W$$.LINKLIB, moved to PDS/LISTS
2025-04-13 15:42:32.388599 - Found LISTSPC.bin (application/octet-stream) in SYS1.W$$.LINKLIB, moved to LOADLIB/LISTSPC
2025-04-13 15:42:32.388688 - Found alias LISTV to LISTVOL in SYS1.W$$.LINKLIB, moved to PDS/LISTV
2025-04-13 15:42:32.388851 - Found LISTVOL.bin (application/octet-stream) in SYS1.W$$.LINKLIB, moved to LOADLIB/LISTVOL
2025-04-13 15:42:32.388926 - Found alias LV to LISTVOL in SYS1.W$$.LINKLIB, moved to PDS/LV
2025-04-13 15:42:32.388979 - Found alias SP to LISTSPC in SYS1.W$$.LINKLIB, moved to PDS/SP
2025-04-13 15:42:32.389506 - Found LOCINDEX.txt (text/plain) in CBT.V508.FILE048.PDS, moved to PDS/LOCINDEX
2025-04-13 15:42:32.389672 - Found TSOB.rexx (text/plain) in CBT.V508.FILE048.PDS, moved to PDS/TSOB
2025-04-13 15:42:32.389820 - Found TSOE.rexx (text/plain) in CBT.V508.FILE048.PDS, moved to PDS/TSOE
2025-04-13 15:42:32.389985 - Found TSOV.rexx (text/plain) in CBT.V508.FILE048.PDS, moved to PDS/TSOV
